<?xml version="1.0" encoding="UTF-8"?>
<!-- Generated by org.testng.reporters.JUnitReportReporter -->
<testsuite hostname="KAVI" failures="0" tests="2" name="com.goibibo.Edgetest" time="8.731" errors="0" timestamp="2023-12-25T15:28:46 IST" skipped="0">
  <testcase classname="com.goibibo.Edgetest" name="lanuchbrowser" time="7.253"/>
  <system-out/>
  <testcase classname="com.goibibo.Edgetest" name="edgebrowser" time="1.478"/>
  <system-out/>
</testsuite> <!-- com.goibibo.Edgetest -->
