<?xml version="1.0" encoding="UTF-8"?>
<!-- Generated by org.testng.reporters.JUnitReportReporter -->
<testsuite hostname="KAVI" failures="0" tests="1" name="com.goibibo.Runner" time="42.080" errors="0" timestamp="2023-12-27T13:30:57 IST" skipped="0">
  <testcase classname="com.goibibo.Runner" name="browserLaunch" time="42.080"/>
  <system-out/>
</testsuite> <!-- com.goibibo.Runner -->
