<?xml version="1.0" encoding="UTF-8"?>
<!-- Generated by org.testng.reporters.JUnitReportReporter -->
<testsuite hostname="KAVI" failures="0" tests="5" name="miniproject.Selectahotel" time="31.450" errors="0" timestamp="2023-12-28T12:06:40 IST" skipped="0">
  <testcase classname="miniproject.Selectahotel" name="browserLaunch" time="27.592"/>
  <system-out/>
  <testcase classname="miniproject.Selectahotel" name="viewplandploices" time="2.315"/>
  <system-out/>
  <testcase classname="miniproject.Selectahotel" name="takescreenshot" time="0.850"/>
  <system-out/>
  <testcase classname="miniproject.Selectahotel" name="closeview" time="0.252"/>
  <system-out/>
  <testcase classname="miniproject.Selectahotel" name="selectroom" time="0.441"/>
  <system-out/>
</testsuite> <!-- miniproject.Selectahotel -->
