<?xml version="1.0" encoding="UTF-8"?>
<!-- Generated by org.testng.reporters.JUnitReportReporter -->
<testsuite hostname="KAVI" failures="0" tests="4" name="com.goibibo.Chrometest" time="11.610" errors="0" timestamp="2023-12-26T17:59:37 IST" skipped="0">
  <testcase classname="com.goibibo.Chrometest" name="lanuchbrowser" time="9.313"/>
  <system-out/>
  <testcase classname="com.goibibo.Chrometest" name="firstname" time="1.504"/>
  <system-out/>
  <testcase classname="com.goibibo.Chrometest" name="checkbox" time="0.202"/>
  <system-out/>
  <testcase classname="com.goibibo.Chrometest" name="sumbit" time="0.591"/>
  <system-out/>
</testsuite> <!-- com.goibibo.Chrometest -->
