<?xml version="1.0" encoding="UTF-8"?>
<!-- Generated by org.testng.reporters.JUnitReportReporter -->
<testsuite hostname="KAVI" failures="0" tests="1" name="com.goibibo.Runner" time="12.141" errors="0" timestamp="2023-12-22T14:38:54 IST" skipped="0">
  <testcase classname="com.goibibo.Runner" name="browserLaunch" time="12.141"/>
</testsuite> <!-- com.goibibo.Runner -->
